<?xml version="1.0" encoding="UTF-8"?>
<!-- Generated by org.testng.reporters.JUnitXMLReporter -->
<testsuite hostname="Mohammeds-MBP.cable.rcn.com" ignored="0" name="Test" tests="3" failures="0" timestamp="13 Oct 2021 22:28:57 GMT" time="10.403" errors="0">
  <testcase name="ChromeBrowserTest" time="3.809" classname="selenium.chalenges.ParallelTest"/>
  <testcase name="EdgeBrowserTest" time="3.341" classname="selenium.chalenges.ParallelTest"/>
  <testcase name="SafariBrowserTest" time="3.224" classname="selenium.chalenges.ParallelTest"/>
</testsuite> <!-- Test -->
