<?xml version="1.0" encoding="UTF-8"?>
<testng-results skipped="0" failed="0" ignored="0" total="1" passed="1">
  <reporter-output>
  </reporter-output>
  <suite name="Automation Test Suite" duration-ms="27522" started-at="2022-03-12T18:39:21Z" finished-at="2022-03-12T18:39:49Z">
    <groups>
      <group name="cucumber">
        <method signature="AbstractTestNGCucumberTests.feature(cucumber.api.testng.CucumberFeatureWrapper)[pri:0, instance:com.myrunner.CucumberRunner@6166e06f]" name="feature" class="cucumber.api.testng.AbstractTestNGCucumberTests"/>
      </group> <!-- cucumber -->
    </groups>
    <test name="Zoopla Login test" duration-ms="27522" started-at="2022-03-12T18:39:21Z" finished-at="2022-03-12T18:39:49Z">
      <class name="com.myrunner.CucumberRunner">
        <test-method status="PASS" signature="setUpClass()[pri:0, instance:com.myrunner.CucumberRunner@6166e06f]" name="setUpClass" is-config="true" duration-ms="209" started-at="2022-03-12T18:39:21Z" finished-at="2022-03-12T18:39:21Z">
          <reporter-output>
          </reporter-output>
        </test-method> <!-- setUpClass -->
        <test-method status="PASS" signature="feature(cucumber.api.testng.CucumberFeatureWrapper)[pri:0, instance:com.myrunner.CucumberRunner@6166e06f]" name="feature" duration-ms="27212" started-at="2022-03-12T18:39:21Z" description="Runs Cucumber Feature" data-provider="features" finished-at="2022-03-12T18:39:49Z">
          <params>
            <param index="0">
              <value>
                <![CDATA[User can search the properties, select the property, buy the property,]]>
              </value>
            </param>
          </params>
          <reporter-output>
          </reporter-output>
        </test-method> <!-- feature -->
        <test-method status="PASS" signature="tearDownClass()[pri:0, instance:com.myrunner.CucumberRunner@6166e06f]" name="tearDownClass" is-config="true" duration-ms="9" started-at="2022-03-12T18:39:49Z" finished-at="2022-03-12T18:39:49Z">
          <reporter-output>
          </reporter-output>
        </test-method> <!-- tearDownClass -->
      </class> <!-- com.myrunner.CucumberRunner -->
    </test> <!-- Zoopla Login test -->
  </suite> <!-- Automation Test Suite -->
</testng-results>
